H:\Курсові\POPERECHNY_KURSOVA\POPERECHNY_KURSOVA\DEBUG\.NETFRAMEWORK,VERSION=V4.5.ASSEMBLYATTRIBUTES.OBJ
H:\КУРСОВІ\POPERECHNY_KURSOVA\POPERECHNY_KURSOVA\DEBUG\VC110.PDB
H:\Курсові\POPERECHNY_KURSOVA\POPERECHNY_KURSOVA\DEBUG\POPERECHNY_KURSOVA.OBJ
H:\Курсові\POPERECHNY_KURSOVA\POPERECHNY_KURSOVA\DEBUG\OPERATOR.OBJ
H:\Курсові\POPERECHNY_KURSOVA\POPERECHNY_KURSOVA\DEBUG\POPERECHNY_KURSOVA.PCH
H:\Курсові\POPERECHNY_KURSOVA\POPERECHNY_KURSOVA\DEBUG\STDAFX.OBJ
H:\Курсові\POPERECHNY_KURSOVA\POPERECHNY_KURSOVA\DEBUG\CUSTOMRECTANGLE.OBJ
H:\Курсові\POPERECHNY_KURSOVA\POPERECHNY_KURSOVA\DEBUG\ASSEMBLYINFO.OBJ
H:\Курсові\POPERECHNY_KURSOVA\DEBUG\POPERECHNY_KURSOVA.ILK
H:\Курсові\POPERECHNY_KURSOVA\DEBUG\POPERECHNY_KURSOVA.EXE
H:\КУРСОВІ\POPERECHNY_KURSOVA\DEBUG\POPERECHNY_KURSOVA.PDB
H:\Курсові\Poperechny_Kursova\Poperechny_Kursova\Debug\Poperechny_Kursova.Form1.resources
H:\Курсові\POPERECHNY_KURSOVA\POPERECHNY_KURSOVA\DEBUG\APP.RES
H:\Курсові\Poperechny_Kursova\Poperechny_Kursova\Debug\Poperechny_Kursova.vcxproj.GenerateResource.Cache
H:\Курсові\Poperechny_Kursova\Poperechny_Kursova\Debug\Poperechny_Kursova.vcxprojResolveAssemblyReference.cache
H:\Курсові\Poperechny_Kursova\Poperechny_Kursova\Debug\.NETFramework,Version=v4.5.AssemblyAttributes.obj
H:\Курсові\Poperechny_Kursova\Poperechny_Kursova\Debug\AssemblyInfo.obj
H:\Курсові\Poperechny_Kursova\Poperechny_Kursova\Debug\CustomRectangle.obj
H:\Курсові\Poperechny_Kursova\Poperechny_Kursova\Debug\Operator.obj
H:\Курсові\Poperechny_Kursova\Poperechny_Kursova\Debug\Poperechny_Kursova.obj
H:\Курсові\Poperechny_Kursova\Poperechny_Kursova\Debug\stdafx.obj
H:\Курсові\Poperechny_Kursova\Poperechny_Kursova\Debug\cl.command.1.tlog
H:\Курсові\Poperechny_Kursova\Poperechny_Kursova\Debug\CL.read.1.tlog
H:\Курсові\Poperechny_Kursova\Poperechny_Kursova\Debug\CL.write.1.tlog
H:\Курсові\Poperechny_Kursova\Poperechny_Kursova\Debug\link.3564-cvtres.read.1.tlog
H:\Курсові\Poperechny_Kursova\Poperechny_Kursova\Debug\link.3564-cvtres.write.1.tlog
H:\Курсові\Poperechny_Kursova\Poperechny_Kursova\Debug\link.3564-rc.read.1.tlog
H:\Курсові\Poperechny_Kursova\Poperechny_Kursova\Debug\link.3564-rc.write.1.tlog
H:\Курсові\Poperechny_Kursova\Poperechny_Kursova\Debug\link.3564.read.1.tlog
H:\Курсові\Poperechny_Kursova\Poperechny_Kursova\Debug\link.3564.write.1.tlog
H:\Курсові\Poperechny_Kursova\Poperechny_Kursova\Debug\link.3924-cvtres.read.1.tlog
H:\Курсові\Poperechny_Kursova\Poperechny_Kursova\Debug\link.3924-cvtres.write.1.tlog
H:\Курсові\Poperechny_Kursova\Poperechny_Kursova\Debug\link.3924-rc.read.1.tlog
H:\Курсові\Poperechny_Kursova\Poperechny_Kursova\Debug\link.3924-rc.write.1.tlog
H:\Курсові\Poperechny_Kursova\Poperechny_Kursova\Debug\link.3924.read.1.tlog
H:\Курсові\Poperechny_Kursova\Poperechny_Kursova\Debug\link.3924.write.1.tlog
H:\Курсові\Poperechny_Kursova\Poperechny_Kursova\Debug\link.5228-cvtres.read.1.tlog
H:\Курсові\Poperechny_Kursova\Poperechny_Kursova\Debug\link.5228-cvtres.write.1.tlog
H:\Курсові\Poperechny_Kursova\Poperechny_Kursova\Debug\link.5228-rc.read.1.tlog
H:\Курсові\Poperechny_Kursova\Poperechny_Kursova\Debug\link.5228-rc.write.1.tlog
H:\Курсові\Poperechny_Kursova\Poperechny_Kursova\Debug\link.5228.read.1.tlog
H:\Курсові\Poperechny_Kursova\Poperechny_Kursova\Debug\link.5228.write.1.tlog
H:\Курсові\Poperechny_Kursova\Poperechny_Kursova\Debug\link.5564-cvtres.read.1.tlog
H:\Курсові\Poperechny_Kursova\Poperechny_Kursova\Debug\link.5564-cvtres.write.1.tlog
H:\Курсові\Poperechny_Kursova\Poperechny_Kursova\Debug\link.5564-rc.read.1.tlog
H:\Курсові\Poperechny_Kursova\Poperechny_Kursova\Debug\link.5564-rc.write.1.tlog
H:\Курсові\Poperechny_Kursova\Poperechny_Kursova\Debug\link.5564.read.1.tlog
H:\Курсові\Poperechny_Kursova\Poperechny_Kursova\Debug\link.5564.write.1.tlog
H:\Курсові\Poperechny_Kursova\Poperechny_Kursova\Debug\link.5920-cvtres.read.1.tlog
H:\Курсові\Poperechny_Kursova\Poperechny_Kursova\Debug\link.5920-cvtres.write.1.tlog
H:\Курсові\Poperechny_Kursova\Poperechny_Kursova\Debug\link.5920-rc.read.1.tlog
H:\Курсові\Poperechny_Kursova\Poperechny_Kursova\Debug\link.5920-rc.write.1.tlog
H:\Курсові\Poperechny_Kursova\Poperechny_Kursova\Debug\link.5920.read.1.tlog
H:\Курсові\Poperechny_Kursova\Poperechny_Kursova\Debug\link.5920.write.1.tlog
H:\Курсові\Poperechny_Kursova\Poperechny_Kursova\Debug\link.command.1.tlog
H:\Курсові\Poperechny_Kursova\Poperechny_Kursova\Debug\link.read.1.tlog
H:\Курсові\Poperechny_Kursova\Poperechny_Kursova\Debug\link.write.1.tlog
H:\Курсові\Poperechny_Kursova\Poperechny_Kursova\Debug\metagen.read.1.tlog
H:\Курсові\Poperechny_Kursova\Poperechny_Kursova\Debug\metagen.write.1.tlog
H:\Курсові\Poperechny_Kursova\Poperechny_Kursova\Debug\Poperechny_Kursova.write.1.tlog
H:\Курсові\Poperechny_Kursova\Poperechny_Kursova\Debug\rc.command.1.tlog
H:\Курсові\Poperechny_Kursova\Poperechny_Kursova\Debug\rc.read.1.tlog
H:\Курсові\Poperechny_Kursova\Poperechny_Kursova\Debug\rc.write.1.tlog
H:\Курсові\Poperechny_Kursova\Poperechny_Kursova\Debug\app.res
H:\Курсові\Poperechny_Kursova\Poperechny_Kursova\Debug\Poperechny_Kursova.pch
H:\Курсові\Poperechny_Kursova\Poperechny_Kursova\Debug\vc110.pdb
H:\Курсові\Poperechny_Kursova\Poperechny_Kursova\Debug\RSAENH.DLL.bi
H:\Курсові\Poperechny_Kursova\Poperechny_Kursova\Debug\TZRES.DLL.bi
H:\Курсові\Poperechny_Kursova\Debug\Poperechny_Kursova.pdb
H:\Курсові\Poperechny_Kursova\Debug\Poperechny_Kursova.exe
H:\Курсові\Poperechny_Kursova\Debug\Poperechny_Kursova.ilk
